  Asian.cpp
  MonteCarlo.cpp
c:\users\ensimag\downloads\pricer-skel\pricer-skel\src\montecarlo.cpp(38): warning C4018: '<' : incompatibilité signed/unsigned
c:\users\ensimag\downloads\pricer-skel\pricer-skel\src\montecarlo.cpp(117): warning C4018: '<' : incompatibilité signed/unsigned
  Génération de code en cours...
MonteCarlo.obj : error LNK2005: "public: __thiscall Option::Option(double,int,int)" (??0Option@@QAE@NHH@Z) déjà défini(e) dans Asian.obj
MonteCarlo.obj : error LNK2005: "public: __thiscall Option::Option(void)" (??0Option@@QAE@XZ) déjà défini(e) dans Asian.obj
MonteCarlo.obj : error LNK2005: "public: __thiscall Option::~Option(void)" (??1Option@@QAE@XZ) déjà défini(e) dans Asian.obj
Option.obj : error LNK2005: "public: __thiscall Option::Option(double,int,int)" (??0Option@@QAE@NHH@Z) déjà défini(e) dans Asian.obj
Option.obj : error LNK2005: "public: __thiscall Option::Option(void)" (??0Option@@QAE@XZ) déjà défini(e) dans Asian.obj
Option.obj : error LNK2005: "public: __thiscall Option::~Option(void)" (??1Option@@QAE@XZ) déjà défini(e) dans Asian.obj
Asian.obj : error LNK2019: symbole externe non résolu _pnl_vect_set référencé dans la fonction "public: virtual double __thiscall Asian::payoff(struct _PnlMat const *)" (?payoff@Asian@@UAENPBU_PnlMat@@@Z)
MonteCarlo.obj : error LNK2001: symbole externe non résolu _pnl_vect_set
Performance.obj : error LNK2001: symbole externe non résolu _pnl_vect_free
Asian.obj : error LNK2001: symbole externe non résolu _pnl_vect_free
Basket.obj : error LNK2001: symbole externe non résolu _pnl_vect_free
BlackScholesModel.obj : error LNK2001: symbole externe non résolu _pnl_vect_free
MonteCarlo.obj : error LNK2001: symbole externe non résolu _pnl_vect_free
Asian.obj : error LNK2019: symbole externe non résolu _pnl_vect_new référencé dans la fonction "public: __thiscall Asian::Asian(void)" (??0Asian@@QAE@XZ)
Basket.obj : error LNK2001: symbole externe non résolu _pnl_vect_new
BlackScholesModel.obj : error LNK2001: symbole externe non résolu _pnl_vect_new
Performance.obj : error LNK2001: symbole externe non résolu _pnl_vect_new
Asian.obj : error LNK2019: symbole externe non résolu _pnl_vect_create référencé dans la fonction "public: virtual double __thiscall Asian::payoff(struct _PnlMat const *)" (?payoff@Asian@@UAENPBU_PnlMat@@@Z)
BlackScholesModel.obj : error LNK2001: symbole externe non résolu _pnl_vect_create
MonteCarlo.obj : error LNK2001: symbole externe non résolu _pnl_vect_create
Performance.obj : error LNK2019: symbole externe non résolu _pnl_vect_copy référencé dans la fonction "public: virtual double __thiscall Performance::payoff(struct _PnlMat const *)" (?payoff@Performance@@UAENPBU_PnlMat@@@Z)
Asian.obj : error LNK2001: symbole externe non résolu _pnl_vect_copy
Basket.obj : error LNK2001: symbole externe non résolu _pnl_vect_copy
BlackScholesModel.obj : error LNK2001: symbole externe non résolu _pnl_vect_copy
MonteCarlo.obj : error LNK2001: symbole externe non résolu _pnl_vect_copy
Asian.obj : error LNK2019: symbole externe non résolu _pnl_vect_sum référencé dans la fonction "public: virtual double __thiscall Asian::payoff(struct _PnlMat const *)" (?payoff@Asian@@UAENPBU_PnlMat@@@Z)
Performance.obj : error LNK2019: symbole externe non résolu _pnl_vect_scalar_prod référencé dans la fonction "public: virtual double __thiscall Performance::payoff(struct _PnlMat const *)" (?payoff@Performance@@UAENPBU_PnlMat@@@Z)
Asian.obj : error LNK2001: symbole externe non résolu _pnl_vect_scalar_prod
Basket.obj : error LNK2001: symbole externe non résolu _pnl_vect_scalar_prod
BlackScholesModel.obj : error LNK2001: symbole externe non résolu _pnl_vect_scalar_prod
MonteCarlo.obj : error LNK2001: symbole externe non résolu _pnl_vect_scalar_prod
Asian.obj : error LNK2019: symbole externe non résolu _pnl_mat_get_col référencé dans la fonction "public: virtual double __thiscall Asian::payoff(struct _PnlMat const *)" (?payoff@Asian@@UAENPBU_PnlMat@@@Z)
BlackScholesModel.obj : error LNK2001: symbole externe non résolu _pnl_mat_get_col
Basket.obj : error LNK2019: symbole externe non résolu _pnl_vect_wrap_mat_row référencé dans la fonction "public: virtual double __thiscall Basket::payoff(struct _PnlMat const *)" (?payoff@Basket@@UAENPBU_PnlMat@@@Z)
Performance.obj : error LNK2001: symbole externe non résolu _pnl_vect_wrap_mat_row
BlackScholesModel.obj : error LNK2019: symbole externe non résolu _pnl_vect_get référencé dans la fonction "public: void __thiscall BlackScholesModel::asset(struct _PnlMat *,double,int,struct _PnlRng *)" (?asset@BlackScholesModel@@QAEXPAU_PnlMat@@NHPAU_PnlRng@@@Z)
MonteCarlo.obj : error LNK2001: symbole externe non résolu _pnl_vect_get
BlackScholesModel.obj : error LNK2019: symbole externe non résolu _pnl_vect_create_from_zero référencé dans la fonction "public: __thiscall BlackScholesModel::BlackScholesModel(int,double,double,struct _PnlVect *,struct _PnlVect *)" (??0BlackScholesModel@@QAE@HNNPAU_PnlVect@@0@Z)
MonteCarlo.obj : error LNK2001: symbole externe non résolu _pnl_vect_create_from_zero
BlackScholesModel.obj : error LNK2019: symbole externe non résolu _pnl_vect_create_from_scalar référencé dans la fonction "public: void __thiscall BlackScholesModel::initalizeChol(void)" (?initalizeChol@BlackScholesModel@@QAEXXZ)
BlackScholesModel.obj : error LNK2019: symbole externe non résolu _pnl_mat_create référencé dans la fonction "public: void __thiscall BlackScholesModel::initalizeChol(void)" (?initalizeChol@BlackScholesModel@@QAEXXZ)
MonteCarlo.obj : error LNK2001: symbole externe non résolu _pnl_mat_create
BlackScholesModel.obj : error LNK2019: symbole externe non résolu _pnl_mat_create_from_scalar référencé dans la fonction "public: void __thiscall BlackScholesModel::initalizeChol(void)" (?initalizeChol@BlackScholesModel@@QAEXXZ)
MonteCarlo.obj : error LNK2001: symbole externe non résolu _pnl_mat_create_from_scalar
BlackScholesModel.obj : error LNK2019: symbole externe non résolu _pnl_mat_free référencé dans la fonction "public: __thiscall BlackScholesModel::~BlackScholesModel(void)" (??1BlackScholesModel@@QAE@XZ)
MonteCarlo.obj : error LNK2001: symbole externe non résolu _pnl_mat_free
BlackScholesModel.obj : error LNK2019: symbole externe non résolu _pnl_mat_copy référencé dans la fonction "public: __thiscall BlackScholesModel::BlackScholesModel(class BlackScholesModel const &)" (??0BlackScholesModel@@QAE@ABV0@@Z)
BlackScholesModel.obj : error LNK2019: symbole externe non résolu _pnl_mat_axpy référencé dans la fonction "public: void __thiscall BlackScholesModel::initalizeChol(void)" (?initalizeChol@BlackScholesModel@@QAEXXZ)
BlackScholesModel.obj : error LNK2019: symbole externe non résolu _pnl_mat_get_row référencé dans la fonction "public: void __thiscall BlackScholesModel::asset(struct _PnlMat *,double,int,struct _PnlRng *)" (?asset@BlackScholesModel@@QAEXPAU_PnlMat@@NHPAU_PnlRng@@@Z)
MonteCarlo.obj : error LNK2001: symbole externe non résolu _pnl_mat_get_row
BlackScholesModel.obj : error LNK2019: symbole externe non résolu _pnl_mat_create_diag référencé dans la fonction "public: void __thiscall BlackScholesModel::initalizeChol(void)" (?initalizeChol@BlackScholesModel@@QAEXXZ)
BlackScholesModel.obj : error LNK2019: symbole externe non résolu _pnl_mat_set_row référencé dans la fonction "public: void __thiscall BlackScholesModel::asset(struct _PnlMat *,double,int,struct _PnlRng *)" (?asset@BlackScholesModel@@QAEXPAU_PnlMat@@NHPAU_PnlRng@@@Z)
MonteCarlo.obj : error LNK2001: symbole externe non résolu _pnl_mat_set_row
BlackScholesModel.obj : error LNK2019: symbole externe non résolu _pnl_mat_set_col référencé dans la fonction "public: void __thiscall BlackScholesModel::shiftAsset(struct _PnlMat *,struct _PnlMat const *,int,double,double,double)" (?shiftAsset@BlackScholesModel@@QAEXPAU_PnlMat@@PBU2@HNNN@Z)
BlackScholesModel.obj : error LNK2019: symbole externe non résolu _pnl_mat_chol référencé dans la fonction "public: void __thiscall BlackScholesModel::initalizeChol(void)" (?initalizeChol@BlackScholesModel@@QAEXXZ)
BlackScholesModel.obj : error LNK2019: symbole externe non résolu _pnl_mat_eigen référencé dans la fonction "public: void __thiscall BlackScholesModel::initalizeChol(void)" (?initalizeChol@BlackScholesModel@@QAEXXZ)
BlackScholesModel.obj : error LNK2019: symbole externe non résolu _pnl_mat_set référencé dans la fonction "public: void __thiscall BlackScholesModel::asset(struct _PnlMat *,double,int,struct _PnlRng *)" (?asset@BlackScholesModel@@QAEXPAU_PnlMat@@NHPAU_PnlRng@@@Z)
BlackScholesModel.obj : error LNK2019: symbole externe non résolu _pnl_mat_get référencé dans la fonction "public: void __thiscall BlackScholesModel::asset(struct _PnlMat *,double,int,struct _PnlRng *)" (?asset@BlackScholesModel@@QAEXPAU_PnlMat@@NHPAU_PnlRng@@@Z)
BlackScholesModel.obj : error LNK2019: symbole externe non résolu _pnl_vect_rng_normal référencé dans la fonction "public: void __thiscall BlackScholesModel::asset(struct _PnlMat *,double,int,struct _PnlRng *)" (?asset@BlackScholesModel@@QAEXPAU_PnlMat@@NHPAU_PnlRng@@@Z)
MonteCarlo.obj : error LNK2019: symbole externe non résolu _pnl_vect_minus_vect référencé dans la fonction "public: void __thiscall MonteCarlo::Profit_and_loss(struct _PnlMat const *,double &,int)" (?Profit_and_loss@MonteCarlo@@QAEXPBU_PnlMat@@AANH@Z)
MonteCarlo.obj : error LNK2019: symbole externe non résolu _pnl_mat_resize référencé dans la fonction "public: void __thiscall MonteCarlo::Profit_and_loss(struct _PnlMat const *,double &,int)" (?Profit_and_loss@MonteCarlo@@QAEXPBU_PnlMat@@AANH@Z)
MonteCarlo.obj : error LNK2019: symbole externe non résolu _pnl_rng_free référencé dans la fonction "public: __thiscall MonteCarlo::~MonteCarlo(void)" (??1MonteCarlo@@QAE@XZ)
MonteCarlo.obj : error LNK2019: symbole externe non résolu _pnl_rng_create référencé dans la fonction "public: __thiscall MonteCarlo::MonteCarlo(void)" (??0MonteCarlo@@QAE@XZ)
MonteCarlo.obj : error LNK2019: symbole externe non résolu _pnl_rng_copy référencé dans la fonction "public: __thiscall MonteCarlo::MonteCarlo(class BlackScholesModel *,class Option *,int,struct _PnlRng *,double)" (??0MonteCarlo@@QAE@PAVBlackScholesModel@@PAVOption@@HPAU_PnlRng@@N@Z)
C:\Users\ensimag\Downloads\pnl-win64-1.9.6\lib\libpnl.lib : warning LNK4272: type d'ordinateur bibliothèque 'x64' en conflit avec le type d'ordinateur cible 'x86'
C:\Users\ensimag\source\repos\NativeProject\Debug\NativeProject.dll : fatal error LNK1120: 31 externes non résolus
